%!Adobe-FontList 1.19
%Locale:0x40c

%BeginFont
Handler:DirectoryHandler
FontType:TrueType
FontName:ArialMT
FamilyName:Arial
StyleName:Regular
FullName:Arial
MenuName:Arial
StyleBits:0
WritingScript:Roman
OutlineFileName:D:\_Nouman\INSA_CVL\3A\Projet Python\AgeOfEmpire\assets\Font\arial.ttf
DataFormat:sfntData
hasSVG:no
VariableFontType:NonVariableFont
FileLength:1036584
FileModTime:1641234764
WeightClass:400
WidthClass:5
AngleClass:0
NameArray:0,Mac,4,Arial
NameArray:0,Win,1,Arial
%EndFont

%BeginFont
Handler:DirectoryHandler
FontType:TrueType
FontName:Arial-BoldMT
FamilyName:Arial
StyleName:Bold
FullName:Arial Bold
MenuName:Arial
StyleBits:2
WritingScript:Roman
OutlineFileName:D:\_Nouman\INSA_CVL\3A\Projet Python\AgeOfEmpire\assets\Font\arialbd.ttf
DataFormat:sfntData
hasSVG:no
VariableFontType:NonVariableFont
FileLength:980756
FileModTime:1641234764
WeightClass:700
WidthClass:5
AngleClass:0
NameArray:0,Mac,4,Arial Bold
NameArray:0,Win,1,Arial
%EndFont

%BeginFont
Handler:DirectoryHandler
FontType:TrueType
FontName:Arial-BoldItalicMT
FamilyName:Arial
StyleName:Bold Italic
FullName:Arial Bold Italic
MenuName:Arial
StyleBits:3
WritingScript:Roman
OutlineFileName:D:\_Nouman\INSA_CVL\3A\Projet Python\AgeOfEmpire\assets\Font\arialbi.ttf
DataFormat:sfntData
hasSVG:no
VariableFontType:NonVariableFont
FileLength:721144
FileModTime:1641234764
WeightClass:700
WidthClass:5
AngleClass:1
NameArray:0,Mac,4,Arial Bold Italic
NameArray:0,Win,1,Arial
%EndFont

%BeginFont
Handler:DirectoryHandler
FontType:TrueType
FontName:Arial-ItalicMT
FamilyName:Arial
StyleName:Italic
FullName:Arial Italic
MenuName:Arial
StyleBits:1
WritingScript:Roman
OutlineFileName:D:\_Nouman\INSA_CVL\3A\Projet Python\AgeOfEmpire\assets\Font\ariali.ttf
DataFormat:sfntData
hasSVG:no
VariableFontType:NonVariableFont
FileLength:717428
FileModTime:1641234764
WeightClass:400
WidthClass:5
AngleClass:1
NameArray:0,Mac,4,Arial Italic
NameArray:0,Win,1,Arial
%EndFont

%BeginFont
Handler:DirectoryHandler
FontType:TrueType
FontName:ArialNarrow
FamilyName:Arial
StyleName:Narrow
FullName:Arial Narrow
MenuName:Arial Narrow
StyleBits:0
WritingScript:Roman
OutlineFileName:D:\_Nouman\INSA_CVL\3A\Projet Python\AgeOfEmpire\assets\Font\ARIALN.TTF
DataFormat:sfntData
hasSVG:no
VariableFontType:NonVariableFont
FileLength:175956
FileModTime:1641234764
WeightClass:400
WidthClass:3
AngleClass:0
NameArray:0,Mac,4,Arial Narrow
NameArray:0,Win,1,Arial Narrow
NameArray:0,Win,16,Arial
%EndFont

%BeginFont
Handler:DirectoryHandler
FontType:TrueType
FontName:ArialNarrow-Bold
FamilyName:Arial
StyleName:Narrow Bold
FullName:Arial Narrow Bold
MenuName:Arial Narrow
StyleBits:2
WritingScript:Roman
OutlineFileName:D:\_Nouman\INSA_CVL\3A\Projet Python\AgeOfEmpire\assets\Font\ARIALNB.TTF
DataFormat:sfntData
hasSVG:no
VariableFontType:NonVariableFont
FileLength:180740
FileModTime:1641234764
WeightClass:700
WidthClass:3
AngleClass:0
NameArray:0,Mac,4,Arial Narrow Bold
NameArray:0,Win,1,Arial Narrow
NameArray:0,Win,16,Arial
%EndFont

%BeginFont
Handler:DirectoryHandler
FontType:TrueType
FontName:ArialNarrow-BoldItalic
FamilyName:Arial
StyleName:Narrow Bold Italic
FullName:Arial Narrow Bold Italic
MenuName:Arial Narrow
StyleBits:3
WritingScript:Roman
OutlineFileName:D:\_Nouman\INSA_CVL\3A\Projet Python\AgeOfEmpire\assets\Font\ARIALNBI.TTF
DataFormat:sfntData
hasSVG:no
VariableFontType:NonVariableFont
FileLength:180084
FileModTime:1641234764
WeightClass:700
WidthClass:3
AngleClass:1
NameArray:0,Mac,4,Arial Narrow Bold Italic
NameArray:0,Win,1,Arial Narrow
NameArray:0,Win,16,Arial
%EndFont

%BeginFont
Handler:DirectoryHandler
FontType:TrueType
FontName:ArialNarrow-Italic
FamilyName:Arial
StyleName:Narrow Italic
FullName:Arial Narrow Italic
MenuName:Arial Narrow
StyleBits:1
WritingScript:Roman
OutlineFileName:D:\_Nouman\INSA_CVL\3A\Projet Python\AgeOfEmpire\assets\Font\ARIALNI.TTF
DataFormat:sfntData
hasSVG:no
VariableFontType:NonVariableFont
FileLength:181124
FileModTime:1641234764
WeightClass:400
WidthClass:3
AngleClass:1
NameArray:0,Mac,4,Arial Narrow Italic
NameArray:0,Win,1,Arial Narrow
NameArray:0,Win,16,Arial
%EndFont

%BeginFont
Handler:DirectoryHandler
FontType:TrueType
FontName:Arial-Black
FamilyName:Arial
StyleName:Black
FullName:Arial Black
MenuName:Arial Black
StyleBits:0
WritingScript:Roman
OutlineFileName:D:\_Nouman\INSA_CVL\3A\Projet Python\AgeOfEmpire\assets\Font\ariblk.ttf
DataFormat:sfntData
hasSVG:no
VariableFontType:NonVariableFont
FileLength:167592
FileModTime:1641234764
WeightClass:900
WidthClass:5
AngleClass:0
NameArray:0,Mac,4,Arial Black
NameArray:0,Win,1,Arial Black
NameArray:0,Win,16,Arial
%EndFont

